10-28 18:14:02 com_github_MitjaNemec_Archive3DModels.action_archive_3d_models 238:Plugin executed on: 'win32'
10-28 18:14:02 com_github_MitjaNemec_Archive3DModels.action_archive_3d_models 239:Plugin executed with python version: '3.11.5 (main, Sep 17 2025, 01:04:48) [MSC v.1944 64 bit (AMD64)]'
10-28 18:14:02 com_github_MitjaNemec_Archive3DModels.action_archive_3d_models 240:KiCad build version: 9.0.5
10-28 18:14:02 com_github_MitjaNemec_Archive3DModels.action_archive_3d_models 241:Plugin version: 1.0.15
10-28 18:14:02 com_github_MitjaNemec_Archive3DModels.action_archive_3d_models 246:Screen sizes: [wx.Size(1920, 1080), wx.Size(1920, 1080)]
10-28 18:14:02 com_github_MitjaNemec_Archive3DModels.action_archive_3d_models 253:Dialog size: wx.Size(213, 81)
10-28 18:14:02 com_github_MitjaNemec_Archive3DModels.action_archive_3d_models 255:Char size: 15
10-28 18:14:03 com_github_MitjaNemec_Archive3DModels.archive_3d_models 30:Starting to archive 3D models
10-28 18:14:03 com_github_MitjaNemec_Archive3DModels.archive_3d_models 51:Getting 3D models for footprint of: L5
10-28 18:14:03 com_github_MitjaNemec_Archive3DModels.archive_3d_models 63:Trying to copy: ${KIPRJMOD}/Sense&ControlBoard_Libraries/packages3D/VLS6045EX-2R2N-H.stp
10-28 18:14:03 com_github_MitjaNemec_Archive3DModels.archive_3d_models 150:Remapping: ${KIPRJMOD}/Sense&ControlBoard_Libraries/packages3D/VLS6045EX-2R2N-H.stp
10-28 18:14:03 com_github_MitjaNemec_Archive3DModels.archive_3d_models 51:Getting 3D models for footprint of: L4
10-28 18:14:03 com_github_MitjaNemec_Archive3DModels.archive_3d_models 63:Trying to copy: ${KIPRJMOD}/Sense&ControlBoard_Libraries/packages3D/VLS6045EX-2R2N-H.stp
10-28 18:14:03 com_github_MitjaNemec_Archive3DModels.archive_3d_models 150:Remapping: ${KIPRJMOD}/Sense&ControlBoard_Libraries/packages3D/VLS6045EX-2R2N-H.stp
10-28 18:14:03 com_github_MitjaNemec_Archive3DModels.archive_3d_models 51:Getting 3D models for footprint of: L3
10-28 18:14:03 com_github_MitjaNemec_Archive3DModels.archive_3d_models 63:Trying to copy: ${KIPRJMOD}/Sense&ControlBoard_Libraries/packages3D/VLS6045EX-2R2N-H.stp
10-28 18:14:03 com_github_MitjaNemec_Archive3DModels.archive_3d_models 150:Remapping: ${KIPRJMOD}/Sense&ControlBoard_Libraries/packages3D/VLS6045EX-2R2N-H.stp
10-28 18:14:03 com_github_MitjaNemec_Archive3DModels.archive_3d_models 51:Getting 3D models for footprint of: L6
10-28 18:14:03 com_github_MitjaNemec_Archive3DModels.archive_3d_models 63:Trying to copy: ${KIPRJMOD}/Sense&ControlBoard_Libraries/packages3D/VLS6045EX-2R2N-H.stp
10-28 18:14:03 com_github_MitjaNemec_Archive3DModels.archive_3d_models 150:Remapping: ${KIPRJMOD}/Sense&ControlBoard_Libraries/packages3D/VLS6045EX-2R2N-H.stp
10-28 18:14:03 com_github_MitjaNemec_Archive3DModels.archive_3d_models 51:Getting 3D models for footprint of: L2
10-28 18:14:03 com_github_MitjaNemec_Archive3DModels.archive_3d_models 63:Trying to copy: C:\Users\ethan\OneDrive - University of Southampton\KiCad_Lib\SamacSys_Parts.3dshapes\VLS6045EX-2R2N-H.stp
10-28 18:14:03 com_github_MitjaNemec_Archive3DModels.archive_3d_models 150:Remapping: C:\Users\ethan\OneDrive - University of Southampton\KiCad_Lib\SamacSys_Parts.3dshapes\VLS6045EX-2R2N-H.stp
10-28 18:14:03 com_github_MitjaNemec_Archive3DModels.archive_3d_models 51:Getting 3D models for footprint of: J2
10-28 18:14:03 com_github_MitjaNemec_Archive3DModels.archive_3d_models 51:Getting 3D models for footprint of: H1
10-28 18:14:03 com_github_MitjaNemec_Archive3DModels.archive_3d_models 51:Getting 3D models for footprint of: H2
10-28 18:14:03 com_github_MitjaNemec_Archive3DModels.archive_3d_models 51:Getting 3D models for footprint of: H3
10-28 18:14:03 com_github_MitjaNemec_Archive3DModels.archive_3d_models 51:Getting 3D models for footprint of: H4
10-28 18:14:03 com_github_MitjaNemec_Archive3DModels.archive_3d_models 51:Getting 3D models for footprint of: J11
10-28 18:14:03 com_github_MitjaNemec_Archive3DModels.archive_3d_models 63:Trying to copy: ${KIPRJMOD}/Sense&ControlBoard_Libraries/packages3D/RJHSE-5381.stp
10-28 18:14:03 com_github_MitjaNemec_Archive3DModels.archive_3d_models 150:Remapping: ${KIPRJMOD}/Sense&ControlBoard_Libraries/packages3D/RJHSE-5381.stp
10-28 18:14:03 com_github_MitjaNemec_Archive3DModels.archive_3d_models 51:Getting 3D models for footprint of: X1
10-28 18:14:03 com_github_MitjaNemec_Archive3DModels.archive_3d_models 63:Trying to copy: ${KIPRJMOD}/Sense&ControlBoard_Libraries/packages3D/Crystal_SMD_3225-4Pin_3.2x2.5mm.step
10-28 18:14:03 com_github_MitjaNemec_Archive3DModels.archive_3d_models 150:Remapping: ${KIPRJMOD}/Sense&ControlBoard_Libraries/packages3D/Crystal_SMD_3225-4Pin_3.2x2.5mm.step
10-28 18:14:03 com_github_MitjaNemec_Archive3DModels.archive_3d_models 51:Getting 3D models for footprint of: U2
10-28 18:14:03 com_github_MitjaNemec_Archive3DModels.archive_3d_models 63:Trying to copy: ${KIPRJMOD}/Sense&ControlBoard_Libraries/packages3D/SOIC-8_5.3x5.3mm_P1.27mm.step
10-28 18:14:03 com_github_MitjaNemec_Archive3DModels.archive_3d_models 150:Remapping: ${KIPRJMOD}/Sense&ControlBoard_Libraries/packages3D/SOIC-8_5.3x5.3mm_P1.27mm.step
10-28 18:14:03 com_github_MitjaNemec_Archive3DModels.archive_3d_models 51:Getting 3D models for footprint of: U1
10-28 18:14:03 com_github_MitjaNemec_Archive3DModels.archive_3d_models 63:Trying to copy: ${KIPRJMOD}/Sense&ControlBoard_Libraries/packages3D/RP2350B.stp
10-28 18:14:03 com_github_MitjaNemec_Archive3DModels.archive_3d_models 150:Remapping: ${KIPRJMOD}/Sense&ControlBoard_Libraries/packages3D/RP2350B.stp
10-28 18:14:03 com_github_MitjaNemec_Archive3DModels.archive_3d_models 51:Getting 3D models for footprint of: T4
10-28 18:14:03 com_github_MitjaNemec_Archive3DModels.archive_3d_models 63:Trying to copy: ${KIPRJMOD}/Sense&ControlBoard_Libraries/packages3D/PinHeader_2x03_P2.54mm_Vertical.step
10-28 18:14:03 com_github_MitjaNemec_Archive3DModels.archive_3d_models 150:Remapping: ${KIPRJMOD}/Sense&ControlBoard_Libraries/packages3D/PinHeader_2x03_P2.54mm_Vertical.step
10-28 18:14:03 com_github_MitjaNemec_Archive3DModels.archive_3d_models 51:Getting 3D models for footprint of: T3
10-28 18:14:03 com_github_MitjaNemec_Archive3DModels.archive_3d_models 63:Trying to copy: ${KIPRJMOD}/Sense&ControlBoard_Libraries/packages3D/PinHeader_1x02_P2.54mm_Vertical.step
10-28 18:14:03 com_github_MitjaNemec_Archive3DModels.archive_3d_models 150:Remapping: ${KIPRJMOD}/Sense&ControlBoard_Libraries/packages3D/PinHeader_1x02_P2.54mm_Vertical.step
10-28 18:14:03 com_github_MitjaNemec_Archive3DModels.archive_3d_models 51:Getting 3D models for footprint of: T2
10-28 18:14:03 com_github_MitjaNemec_Archive3DModels.archive_3d_models 63:Trying to copy: ${KIPRJMOD}/Sense&ControlBoard_Libraries/packages3D/PinHeader_2x03_P2.54mm_Vertical.step
10-28 18:14:03 com_github_MitjaNemec_Archive3DModels.archive_3d_models 150:Remapping: ${KIPRJMOD}/Sense&ControlBoard_Libraries/packages3D/PinHeader_2x03_P2.54mm_Vertical.step
10-28 18:14:03 com_github_MitjaNemec_Archive3DModels.archive_3d_models 51:Getting 3D models for footprint of: T1
10-28 18:14:03 com_github_MitjaNemec_Archive3DModels.archive_3d_models 63:Trying to copy: ${KIPRJMOD}/Sense&ControlBoard_Libraries/packages3D/PinHeader_2x03_P2.54mm_Vertical.step
10-28 18:14:03 com_github_MitjaNemec_Archive3DModels.archive_3d_models 150:Remapping: ${KIPRJMOD}/Sense&ControlBoard_Libraries/packages3D/PinHeader_2x03_P2.54mm_Vertical.step
10-28 18:14:03 com_github_MitjaNemec_Archive3DModels.archive_3d_models 51:Getting 3D models for footprint of: S1
10-28 18:14:03 com_github_MitjaNemec_Archive3DModels.archive_3d_models 63:Trying to copy: ${KIPRJMOD}/Sense&ControlBoard_Libraries/packages3D/1101M2S3AQE2.stp
10-28 18:14:03 com_github_MitjaNemec_Archive3DModels.archive_3d_models 150:Remapping: ${KIPRJMOD}/Sense&ControlBoard_Libraries/packages3D/1101M2S3AQE2.stp
10-28 18:14:03 com_github_MitjaNemec_Archive3DModels.archive_3d_models 51:Getting 3D models for footprint of: R34
10-28 18:14:03 com_github_MitjaNemec_Archive3DModels.archive_3d_models 63:Trying to copy: ${KIPRJMOD}/Sense&ControlBoard_Libraries/packages3D/R_0402_1005Metric.step
10-28 18:14:03 com_github_MitjaNemec_Archive3DModels.archive_3d_models 150:Remapping: ${KIPRJMOD}/Sense&ControlBoard_Libraries/packages3D/R_0402_1005Metric.step
10-28 18:14:03 com_github_MitjaNemec_Archive3DModels.archive_3d_models 51:Getting 3D models for footprint of: R33
10-28 18:14:03 com_github_MitjaNemec_Archive3DModels.archive_3d_models 63:Trying to copy: ${KIPRJMOD}/Sense&ControlBoard_Libraries/packages3D/R_0402_1005Metric.step
10-28 18:14:03 com_github_MitjaNemec_Archive3DModels.archive_3d_models 150:Remapping: ${KIPRJMOD}/Sense&ControlBoard_Libraries/packages3D/R_0402_1005Metric.step
10-28 18:14:03 com_github_MitjaNemec_Archive3DModels.archive_3d_models 51:Getting 3D models for footprint of: R32
10-28 18:14:03 com_github_MitjaNemec_Archive3DModels.archive_3d_models 63:Trying to copy: ${KIPRJMOD}/Sense&ControlBoard_Libraries/packages3D/R_0603_1608Metric.step
10-28 18:14:03 com_github_MitjaNemec_Archive3DModels.archive_3d_models 150:Remapping: ${KIPRJMOD}/Sense&ControlBoard_Libraries/packages3D/R_0603_1608Metric.step
10-28 18:14:03 com_github_MitjaNemec_Archive3DModels.archive_3d_models 51:Getting 3D models for footprint of: R31
10-28 18:14:03 com_github_MitjaNemec_Archive3DModels.archive_3d_models 63:Trying to copy: ${KIPRJMOD}/Sense&ControlBoard_Libraries/packages3D/R_0603_1608Metric.step
10-28 18:14:03 com_github_MitjaNemec_Archive3DModels.archive_3d_models 150:Remapping: ${KIPRJMOD}/Sense&ControlBoard_Libraries/packages3D/R_0603_1608Metric.step
10-28 18:14:03 com_github_MitjaNemec_Archive3DModels.archive_3d_models 51:Getting 3D models for footprint of: R30
10-28 18:14:03 com_github_MitjaNemec_Archive3DModels.archive_3d_models 63:Trying to copy: ${KIPRJMOD}/Sense&ControlBoard_Libraries/packages3D/R_0603_1608Metric.step
10-28 18:14:03 com_github_MitjaNemec_Archive3DModels.archive_3d_models 150:Remapping: ${KIPRJMOD}/Sense&ControlBoard_Libraries/packages3D/R_0603_1608Metric.step
10-28 18:14:03 com_github_MitjaNemec_Archive3DModels.archive_3d_models 51:Getting 3D models for footprint of: R29
10-28 18:14:03 com_github_MitjaNemec_Archive3DModels.archive_3d_models 63:Trying to copy: ${KIPRJMOD}/Sense&ControlBoard_Libraries/packages3D/R_0603_1608Metric.step
10-28 18:14:03 com_github_MitjaNemec_Archive3DModels.archive_3d_models 150:Remapping: ${KIPRJMOD}/Sense&ControlBoard_Libraries/packages3D/R_0603_1608Metric.step
10-28 18:14:03 com_github_MitjaNemec_Archive3DModels.archive_3d_models 51:Getting 3D models for footprint of: R28
10-28 18:14:03 com_github_MitjaNemec_Archive3DModels.archive_3d_models 63:Trying to copy: ${KIPRJMOD}/Sense&ControlBoard_Libraries/packages3D/R_0402_1005Metric.step
10-28 18:14:03 com_github_MitjaNemec_Archive3DModels.archive_3d_models 150:Remapping: ${KIPRJMOD}/Sense&ControlBoard_Libraries/packages3D/R_0402_1005Metric.step
10-28 18:14:03 com_github_MitjaNemec_Archive3DModels.archive_3d_models 51:Getting 3D models for footprint of: R27
10-28 18:14:03 com_github_MitjaNemec_Archive3DModels.archive_3d_models 63:Trying to copy: ${KIPRJMOD}/Sense&ControlBoard_Libraries/packages3D/R_0402_1005Metric.step
10-28 18:14:03 com_github_MitjaNemec_Archive3DModels.archive_3d_models 150:Remapping: ${KIPRJMOD}/Sense&ControlBoard_Libraries/packages3D/R_0402_1005Metric.step
10-28 18:14:03 com_github_MitjaNemec_Archive3DModels.archive_3d_models 51:Getting 3D models for footprint of: R26
10-28 18:14:03 com_github_MitjaNemec_Archive3DModels.archive_3d_models 63:Trying to copy: ${KIPRJMOD}/Sense&ControlBoard_Libraries/packages3D/R_0603_1608Metric.step
10-28 18:14:03 com_github_MitjaNemec_Archive3DModels.archive_3d_models 150:Remapping: ${KIPRJMOD}/Sense&ControlBoard_Libraries/packages3D/R_0603_1608Metric.step
10-28 18:14:03 com_github_MitjaNemec_Archive3DModels.archive_3d_models 51:Getting 3D models for footprint of: R25
10-28 18:14:03 com_github_MitjaNemec_Archive3DModels.archive_3d_models 63:Trying to copy: ${KIPRJMOD}/Sense&ControlBoard_Libraries/packages3D/R_0603_1608Metric.step
10-28 18:14:03 com_github_MitjaNemec_Archive3DModels.archive_3d_models 150:Remapping: ${KIPRJMOD}/Sense&ControlBoard_Libraries/packages3D/R_0603_1608Metric.step
10-28 18:14:03 com_github_MitjaNemec_Archive3DModels.archive_3d_models 51:Getting 3D models for footprint of: R24
10-28 18:14:03 com_github_MitjaNemec_Archive3DModels.archive_3d_models 63:Trying to copy: ${KIPRJMOD}/Sense&ControlBoard_Libraries/packages3D/R_0603_1608Metric.step
10-28 18:14:03 com_github_MitjaNemec_Archive3DModels.archive_3d_models 150:Remapping: ${KIPRJMOD}/Sense&ControlBoard_Libraries/packages3D/R_0603_1608Metric.step
10-28 18:14:03 com_github_MitjaNemec_Archive3DModels.archive_3d_models 51:Getting 3D models for footprint of: R23
10-28 18:14:03 com_github_MitjaNemec_Archive3DModels.archive_3d_models 63:Trying to copy: ${KIPRJMOD}/Sense&ControlBoard_Libraries/packages3D/R_0603_1608Metric.step
10-28 18:14:03 com_github_MitjaNemec_Archive3DModels.archive_3d_models 150:Remapping: ${KIPRJMOD}/Sense&ControlBoard_Libraries/packages3D/R_0603_1608Metric.step
10-28 18:14:03 com_github_MitjaNemec_Archive3DModels.archive_3d_models 51:Getting 3D models for footprint of: R22
10-28 18:14:03 com_github_MitjaNemec_Archive3DModels.archive_3d_models 63:Trying to copy: ${KIPRJMOD}/Sense&ControlBoard_Libraries/packages3D/R_0603_1608Metric.step
10-28 18:14:03 com_github_MitjaNemec_Archive3DModels.archive_3d_models 150:Remapping: ${KIPRJMOD}/Sense&ControlBoard_Libraries/packages3D/R_0603_1608Metric.step
10-28 18:14:03 com_github_MitjaNemec_Archive3DModels.archive_3d_models 51:Getting 3D models for footprint of: R21
10-28 18:14:03 com_github_MitjaNemec_Archive3DModels.archive_3d_models 63:Trying to copy: ${KIPRJMOD}/Sense&ControlBoard_Libraries/packages3D/R_0603_1608Metric.step
10-28 18:14:03 com_github_MitjaNemec_Archive3DModels.archive_3d_models 150:Remapping: ${KIPRJMOD}/Sense&ControlBoard_Libraries/packages3D/R_0603_1608Metric.step
10-28 18:14:03 com_github_MitjaNemec_Archive3DModels.archive_3d_models 51:Getting 3D models for footprint of: R20
10-28 18:14:03 com_github_MitjaNemec_Archive3DModels.archive_3d_models 63:Trying to copy: ${KIPRJMOD}/Sense&ControlBoard_Libraries/packages3D/R_0805_2012Metric.step
10-28 18:14:03 com_github_MitjaNemec_Archive3DModels.archive_3d_models 150:Remapping: ${KIPRJMOD}/Sense&ControlBoard_Libraries/packages3D/R_0805_2012Metric.step
10-28 18:14:03 com_github_MitjaNemec_Archive3DModels.archive_3d_models 51:Getting 3D models for footprint of: R19
10-28 18:14:03 com_github_MitjaNemec_Archive3DModels.archive_3d_models 63:Trying to copy: ${KIPRJMOD}/Sense&ControlBoard_Libraries/packages3D/R_1206_3216Metric.step
10-28 18:14:03 com_github_MitjaNemec_Archive3DModels.archive_3d_models 150:Remapping: ${KIPRJMOD}/Sense&ControlBoard_Libraries/packages3D/R_1206_3216Metric.step
10-28 18:14:03 com_github_MitjaNemec_Archive3DModels.archive_3d_models 51:Getting 3D models for footprint of: R18
10-28 18:14:03 com_github_MitjaNemec_Archive3DModels.archive_3d_models 63:Trying to copy: ${KIPRJMOD}/Sense&ControlBoard_Libraries/packages3D/R_1206_3216Metric.step
10-28 18:14:03 com_github_MitjaNemec_Archive3DModels.archive_3d_models 150:Remapping: ${KIPRJMOD}/Sense&ControlBoard_Libraries/packages3D/R_1206_3216Metric.step
10-28 18:14:03 com_github_MitjaNemec_Archive3DModels.archive_3d_models 51:Getting 3D models for footprint of: R17
10-28 18:14:03 com_github_MitjaNemec_Archive3DModels.archive_3d_models 63:Trying to copy: ${KIPRJMOD}/Sense&ControlBoard_Libraries/packages3D/R_0402_1005Metric.step
10-28 18:14:03 com_github_MitjaNemec_Archive3DModels.archive_3d_models 150:Remapping: ${KIPRJMOD}/Sense&ControlBoard_Libraries/packages3D/R_0402_1005Metric.step
10-28 18:14:03 com_github_MitjaNemec_Archive3DModels.archive_3d_models 51:Getting 3D models for footprint of: R16
10-28 18:14:03 com_github_MitjaNemec_Archive3DModels.archive_3d_models 63:Trying to copy: ${KIPRJMOD}/Sense&ControlBoard_Libraries/packages3D/R_0402_1005Metric.step
10-28 18:14:03 com_github_MitjaNemec_Archive3DModels.archive_3d_models 150:Remapping: ${KIPRJMOD}/Sense&ControlBoard_Libraries/packages3D/R_0402_1005Metric.step
10-28 18:14:03 com_github_MitjaNemec_Archive3DModels.archive_3d_models 51:Getting 3D models for footprint of: R15
10-28 18:14:03 com_github_MitjaNemec_Archive3DModels.archive_3d_models 63:Trying to copy: ${KIPRJMOD}/Sense&ControlBoard_Libraries/packages3D/R_0402_1005Metric.step
10-28 18:14:03 com_github_MitjaNemec_Archive3DModels.archive_3d_models 150:Remapping: ${KIPRJMOD}/Sense&ControlBoard_Libraries/packages3D/R_0402_1005Metric.step
10-28 18:14:03 com_github_MitjaNemec_Archive3DModels.archive_3d_models 51:Getting 3D models for footprint of: R14
10-28 18:14:03 com_github_MitjaNemec_Archive3DModels.archive_3d_models 63:Trying to copy: ${KIPRJMOD}/Sense&ControlBoard_Libraries/packages3D/R_0402_1005Metric.step
10-28 18:14:03 com_github_MitjaNemec_Archive3DModels.archive_3d_models 150:Remapping: ${KIPRJMOD}/Sense&ControlBoard_Libraries/packages3D/R_0402_1005Metric.step
10-28 18:14:03 com_github_MitjaNemec_Archive3DModels.archive_3d_models 51:Getting 3D models for footprint of: R13
10-28 18:14:03 com_github_MitjaNemec_Archive3DModels.archive_3d_models 63:Trying to copy: ${KIPRJMOD}/Sense&ControlBoard_Libraries/packages3D/R_0402_1005Metric.step
10-28 18:14:03 com_github_MitjaNemec_Archive3DModels.archive_3d_models 150:Remapping: ${KIPRJMOD}/Sense&ControlBoard_Libraries/packages3D/R_0402_1005Metric.step
10-28 18:14:03 com_github_MitjaNemec_Archive3DModels.archive_3d_models 51:Getting 3D models for footprint of: R12
10-28 18:14:03 com_github_MitjaNemec_Archive3DModels.archive_3d_models 63:Trying to copy: ${KIPRJMOD}/Sense&ControlBoard_Libraries/packages3D/R_0603_1608Metric.step
10-28 18:14:03 com_github_MitjaNemec_Archive3DModels.archive_3d_models 150:Remapping: ${KIPRJMOD}/Sense&ControlBoard_Libraries/packages3D/R_0603_1608Metric.step
10-28 18:14:03 com_github_MitjaNemec_Archive3DModels.archive_3d_models 51:Getting 3D models for footprint of: R11
10-28 18:14:03 com_github_MitjaNemec_Archive3DModels.archive_3d_models 63:Trying to copy: ${KIPRJMOD}/Sense&ControlBoard_Libraries/packages3D/R_0402_1005Metric.step
10-28 18:14:03 com_github_MitjaNemec_Archive3DModels.archive_3d_models 150:Remapping: ${KIPRJMOD}/Sense&ControlBoard_Libraries/packages3D/R_0402_1005Metric.step
10-28 18:14:03 com_github_MitjaNemec_Archive3DModels.archive_3d_models 51:Getting 3D models for footprint of: R10
10-28 18:14:03 com_github_MitjaNemec_Archive3DModels.archive_3d_models 63:Trying to copy: ${KIPRJMOD}/Sense&ControlBoard_Libraries/packages3D/R_0402_1005Metric.step
10-28 18:14:03 com_github_MitjaNemec_Archive3DModels.archive_3d_models 150:Remapping: ${KIPRJMOD}/Sense&ControlBoard_Libraries/packages3D/R_0402_1005Metric.step
10-28 18:14:03 com_github_MitjaNemec_Archive3DModels.archive_3d_models 51:Getting 3D models for footprint of: R9
10-28 18:14:03 com_github_MitjaNemec_Archive3DModels.archive_3d_models 63:Trying to copy: ${KIPRJMOD}/Sense&ControlBoard_Libraries/packages3D/R_0402_1005Metric.step
10-28 18:14:03 com_github_MitjaNemec_Archive3DModels.archive_3d_models 150:Remapping: ${KIPRJMOD}/Sense&ControlBoard_Libraries/packages3D/R_0402_1005Metric.step
10-28 18:14:03 com_github_MitjaNemec_Archive3DModels.archive_3d_models 51:Getting 3D models for footprint of: R8
10-28 18:14:03 com_github_MitjaNemec_Archive3DModels.archive_3d_models 63:Trying to copy: ${KIPRJMOD}/Sense&ControlBoard_Libraries/packages3D/R_0603_1608Metric.step
10-28 18:14:03 com_github_MitjaNemec_Archive3DModels.archive_3d_models 150:Remapping: ${KIPRJMOD}/Sense&ControlBoard_Libraries/packages3D/R_0603_1608Metric.step
10-28 18:14:03 com_github_MitjaNemec_Archive3DModels.archive_3d_models 51:Getting 3D models for footprint of: R7
10-28 18:14:03 com_github_MitjaNemec_Archive3DModels.archive_3d_models 63:Trying to copy: ${KIPRJMOD}/Sense&ControlBoard_Libraries/packages3D/R_0603_1608Metric.step
10-28 18:14:03 com_github_MitjaNemec_Archive3DModels.archive_3d_models 150:Remapping: ${KIPRJMOD}/Sense&ControlBoard_Libraries/packages3D/R_0603_1608Metric.step
10-28 18:14:03 com_github_MitjaNemec_Archive3DModels.archive_3d_models 51:Getting 3D models for footprint of: R6
10-28 18:14:03 com_github_MitjaNemec_Archive3DModels.archive_3d_models 63:Trying to copy: ${KIPRJMOD}/Sense&ControlBoard_Libraries/packages3D/R_0603_1608Metric.step
10-28 18:14:03 com_github_MitjaNemec_Archive3DModels.archive_3d_models 150:Remapping: ${KIPRJMOD}/Sense&ControlBoard_Libraries/packages3D/R_0603_1608Metric.step
10-28 18:14:03 com_github_MitjaNemec_Archive3DModels.archive_3d_models 51:Getting 3D models for footprint of: R5
10-28 18:14:03 com_github_MitjaNemec_Archive3DModels.archive_3d_models 63:Trying to copy: ${KIPRJMOD}/Sense&ControlBoard_Libraries/packages3D/R_0603_1608Metric.step
10-28 18:14:03 com_github_MitjaNemec_Archive3DModels.archive_3d_models 150:Remapping: ${KIPRJMOD}/Sense&ControlBoard_Libraries/packages3D/R_0603_1608Metric.step
10-28 18:14:03 com_github_MitjaNemec_Archive3DModels.archive_3d_models 51:Getting 3D models for footprint of: R4
10-28 18:14:03 com_github_MitjaNemec_Archive3DModels.archive_3d_models 63:Trying to copy: ${KIPRJMOD}/Sense&ControlBoard_Libraries/packages3D/R_0402_1005Metric.step
10-28 18:14:03 com_github_MitjaNemec_Archive3DModels.archive_3d_models 150:Remapping: ${KIPRJMOD}/Sense&ControlBoard_Libraries/packages3D/R_0402_1005Metric.step
10-28 18:14:03 com_github_MitjaNemec_Archive3DModels.archive_3d_models 51:Getting 3D models for footprint of: R3
10-28 18:14:03 com_github_MitjaNemec_Archive3DModels.archive_3d_models 63:Trying to copy: ${KIPRJMOD}/Sense&ControlBoard_Libraries/packages3D/R_0402_1005Metric.step
10-28 18:14:03 com_github_MitjaNemec_Archive3DModels.archive_3d_models 150:Remapping: ${KIPRJMOD}/Sense&ControlBoard_Libraries/packages3D/R_0402_1005Metric.step
10-28 18:14:03 com_github_MitjaNemec_Archive3DModels.archive_3d_models 51:Getting 3D models for footprint of: R2
10-28 18:14:03 com_github_MitjaNemec_Archive3DModels.archive_3d_models 63:Trying to copy: ${KIPRJMOD}/Sense&ControlBoard_Libraries/packages3D/R_0402_1005Metric.step
10-28 18:14:03 com_github_MitjaNemec_Archive3DModels.archive_3d_models 150:Remapping: ${KIPRJMOD}/Sense&ControlBoard_Libraries/packages3D/R_0402_1005Metric.step
10-28 18:14:03 com_github_MitjaNemec_Archive3DModels.archive_3d_models 51:Getting 3D models for footprint of: R1
10-28 18:14:03 com_github_MitjaNemec_Archive3DModels.archive_3d_models 63:Trying to copy: ${KIPRJMOD}/Sense&ControlBoard_Libraries/packages3D/R_0402_1005Metric.step
10-28 18:14:03 com_github_MitjaNemec_Archive3DModels.archive_3d_models 150:Remapping: ${KIPRJMOD}/Sense&ControlBoard_Libraries/packages3D/R_0402_1005Metric.step
10-28 18:14:03 com_github_MitjaNemec_Archive3DModels.archive_3d_models 51:Getting 3D models for footprint of: LS1
10-28 18:14:03 com_github_MitjaNemec_Archive3DModels.archive_3d_models 63:Trying to copy: ${KIPRJMOD}/Sense&ControlBoard_Libraries/packages3D/MagneticBuzzer_Kobitone_254-EMB84Q-RO.step
10-28 18:14:03 com_github_MitjaNemec_Archive3DModels.archive_3d_models 150:Remapping: ${KIPRJMOD}/Sense&ControlBoard_Libraries/packages3D/MagneticBuzzer_Kobitone_254-EMB84Q-RO.step
10-28 18:14:03 com_github_MitjaNemec_Archive3DModels.archive_3d_models 51:Getting 3D models for footprint of: LED2
10-28 18:14:03 com_github_MitjaNemec_Archive3DModels.archive_3d_models 63:Trying to copy: ${KIPRJMOD}/Sense&ControlBoard_Libraries/packages3D/LED_0603_1608Metric.wrl
10-28 18:14:03 com_github_MitjaNemec_Archive3DModels.archive_3d_models 150:Remapping: ${KIPRJMOD}/Sense&ControlBoard_Libraries/packages3D/LED_0603_1608Metric.wrl
10-28 18:14:03 com_github_MitjaNemec_Archive3DModels.archive_3d_models 51:Getting 3D models for footprint of: LED1
10-28 18:14:03 com_github_MitjaNemec_Archive3DModels.archive_3d_models 63:Trying to copy: ${KIPRJMOD}/Sense&ControlBoard_Libraries/packages3D/LED_0603_1608Metric.wrl
10-28 18:14:03 com_github_MitjaNemec_Archive3DModels.archive_3d_models 150:Remapping: ${KIPRJMOD}/Sense&ControlBoard_Libraries/packages3D/LED_0603_1608Metric.wrl
10-28 18:14:03 com_github_MitjaNemec_Archive3DModels.archive_3d_models 51:Getting 3D models for footprint of: L1
10-28 18:14:03 com_github_MitjaNemec_Archive3DModels.archive_3d_models 63:Trying to copy: ${KIPRJMOD}/Sense&ControlBoard_Libraries/packages3D/AOTA-B201610S1R0MT.stp
10-28 18:14:03 com_github_MitjaNemec_Archive3DModels.archive_3d_models 150:Remapping: ${KIPRJMOD}/Sense&ControlBoard_Libraries/packages3D/AOTA-B201610S1R0MT.stp
10-28 18:14:03 com_github_MitjaNemec_Archive3DModels.archive_3d_models 51:Getting 3D models for footprint of: JP4
10-28 18:14:03 com_github_MitjaNemec_Archive3DModels.archive_3d_models 51:Getting 3D models for footprint of: JP3
10-28 18:14:03 com_github_MitjaNemec_Archive3DModels.archive_3d_models 51:Getting 3D models for footprint of: JP2
10-28 18:14:03 com_github_MitjaNemec_Archive3DModels.archive_3d_models 51:Getting 3D models for footprint of: JP1
10-28 18:14:03 com_github_MitjaNemec_Archive3DModels.archive_3d_models 51:Getting 3D models for footprint of: J13
10-28 18:14:03 com_github_MitjaNemec_Archive3DModels.archive_3d_models 63:Trying to copy: ${KIPRJMOD}/Sense&ControlBoard_Libraries/packages3D/XT60PW-M.stp
10-28 18:14:03 com_github_MitjaNemec_Archive3DModels.archive_3d_models 150:Remapping: ${KIPRJMOD}/Sense&ControlBoard_Libraries/packages3D/XT60PW-M.stp
10-28 18:14:03 com_github_MitjaNemec_Archive3DModels.archive_3d_models 51:Getting 3D models for footprint of: J12
10-28 18:14:03 com_github_MitjaNemec_Archive3DModels.archive_3d_models 63:Trying to copy: ${KIPRJMOD}/Sense&ControlBoard_Libraries/packages3D/microSD_HC_Hirose_DM3AT-SF-PEJM5.step
10-28 18:14:03 com_github_MitjaNemec_Archive3DModels.archive_3d_models 150:Remapping: ${KIPRJMOD}/Sense&ControlBoard_Libraries/packages3D/microSD_HC_Hirose_DM3AT-SF-PEJM5.step
10-28 18:14:03 com_github_MitjaNemec_Archive3DModels.archive_3d_models 51:Getting 3D models for footprint of: J10
10-28 18:14:03 com_github_MitjaNemec_Archive3DModels.archive_3d_models 63:Trying to copy: ${KIPRJMOD}/Sense&ControlBoard_Libraries/packages3D/502352-0301.stp
10-28 18:14:03 com_github_MitjaNemec_Archive3DModels.archive_3d_models 150:Remapping: ${KIPRJMOD}/Sense&ControlBoard_Libraries/packages3D/502352-0301.stp
10-28 18:14:03 com_github_MitjaNemec_Archive3DModels.archive_3d_models 51:Getting 3D models for footprint of: J9
10-28 18:14:03 com_github_MitjaNemec_Archive3DModels.archive_3d_models 63:Trying to copy: ${KIPRJMOD}/Sense&ControlBoard_Libraries/packages3D/502352-0301.stp
10-28 18:14:03 com_github_MitjaNemec_Archive3DModels.archive_3d_models 150:Remapping: ${KIPRJMOD}/Sense&ControlBoard_Libraries/packages3D/502352-0301.stp
10-28 18:14:03 com_github_MitjaNemec_Archive3DModels.archive_3d_models 51:Getting 3D models for footprint of: J8
10-28 18:14:03 com_github_MitjaNemec_Archive3DModels.archive_3d_models 63:Trying to copy: ${KIPRJMOD}/Sense&ControlBoard_Libraries/packages3D/502352-0301.stp
10-28 18:14:03 com_github_MitjaNemec_Archive3DModels.archive_3d_models 150:Remapping: ${KIPRJMOD}/Sense&ControlBoard_Libraries/packages3D/502352-0301.stp
10-28 18:14:03 com_github_MitjaNemec_Archive3DModels.archive_3d_models 51:Getting 3D models for footprint of: J7
10-28 18:14:03 com_github_MitjaNemec_Archive3DModels.archive_3d_models 63:Trying to copy: ${KIPRJMOD}/Sense&ControlBoard_Libraries/packages3D/2059-302_998-403.stp
10-28 18:14:03 com_github_MitjaNemec_Archive3DModels.archive_3d_models 150:Remapping: ${KIPRJMOD}/Sense&ControlBoard_Libraries/packages3D/2059-302_998-403.stp
10-28 18:14:03 com_github_MitjaNemec_Archive3DModels.archive_3d_models 51:Getting 3D models for footprint of: J6
10-28 18:14:03 com_github_MitjaNemec_Archive3DModels.archive_3d_models 63:Trying to copy: ${KIPRJMOD}/Sense&ControlBoard_Libraries/packages3D/502352-0201.stp
10-28 18:14:03 com_github_MitjaNemec_Archive3DModels.archive_3d_models 150:Remapping: ${KIPRJMOD}/Sense&ControlBoard_Libraries/packages3D/502352-0201.stp
10-28 18:14:03 com_github_MitjaNemec_Archive3DModels.archive_3d_models 51:Getting 3D models for footprint of: J5
10-28 18:14:03 com_github_MitjaNemec_Archive3DModels.archive_3d_models 63:Trying to copy: ${KIPRJMOD}/Sense&ControlBoard_Libraries/packages3D/502352-0201.stp
10-28 18:14:03 com_github_MitjaNemec_Archive3DModels.archive_3d_models 150:Remapping: ${KIPRJMOD}/Sense&ControlBoard_Libraries/packages3D/502352-0201.stp
10-28 18:14:03 com_github_MitjaNemec_Archive3DModels.archive_3d_models 51:Getting 3D models for footprint of: J4
10-28 18:14:03 com_github_MitjaNemec_Archive3DModels.archive_3d_models 63:Trying to copy: ${KIPRJMOD}/Sense&ControlBoard_Libraries/packages3D/502352-0201.stp
10-28 18:14:03 com_github_MitjaNemec_Archive3DModels.archive_3d_models 150:Remapping: ${KIPRJMOD}/Sense&ControlBoard_Libraries/packages3D/502352-0201.stp
10-28 18:14:03 com_github_MitjaNemec_Archive3DModels.archive_3d_models 51:Getting 3D models for footprint of: J3
10-28 18:14:03 com_github_MitjaNemec_Archive3DModels.archive_3d_models 63:Trying to copy: ${KIPRJMOD}/Sense&ControlBoard_Libraries/packages3D/502352-0201.stp
10-28 18:14:03 com_github_MitjaNemec_Archive3DModels.archive_3d_models 150:Remapping: ${KIPRJMOD}/Sense&ControlBoard_Libraries/packages3D/502352-0201.stp
10-28 18:14:03 com_github_MitjaNemec_Archive3DModels.archive_3d_models 51:Getting 3D models for footprint of: J1
10-28 18:14:03 com_github_MitjaNemec_Archive3DModels.archive_3d_models 63:Trying to copy: ${KIPRJMOD}/Sense&ControlBoard_Libraries/packages3D/PinHeader_1x02_P1.27mm_Vertical_SMD_Pin1Left.step
10-28 18:14:03 com_github_MitjaNemec_Archive3DModels.archive_3d_models 150:Remapping: ${KIPRJMOD}/Sense&ControlBoard_Libraries/packages3D/PinHeader_1x02_P1.27mm_Vertical_SMD_Pin1Left.step
10-28 18:14:03 com_github_MitjaNemec_Archive3DModels.archive_3d_models 51:Getting 3D models for footprint of: IC11
10-28 18:14:03 com_github_MitjaNemec_Archive3DModels.archive_3d_models 63:Trying to copy: ${KIPRJMOD}/Sense&ControlBoard_Libraries/packages3D/TPS563201DDCR.stp
10-28 18:14:03 com_github_MitjaNemec_Archive3DModels.archive_3d_models 150:Remapping: ${KIPRJMOD}/Sense&ControlBoard_Libraries/packages3D/TPS563201DDCR.stp
10-28 18:14:03 com_github_MitjaNemec_Archive3DModels.archive_3d_models 51:Getting 3D models for footprint of: IC10
10-28 18:14:03 com_github_MitjaNemec_Archive3DModels.archive_3d_models 63:Trying to copy: ${KIPRJMOD}/Sense&ControlBoard_Libraries/packages3D/MAX490ESA+T.stp
10-28 18:14:03 com_github_MitjaNemec_Archive3DModels.archive_3d_models 150:Remapping: ${KIPRJMOD}/Sense&ControlBoard_Libraries/packages3D/MAX490ESA+T.stp
10-28 18:14:03 com_github_MitjaNemec_Archive3DModels.archive_3d_models 51:Getting 3D models for footprint of: IC9
10-28 18:14:03 com_github_MitjaNemec_Archive3DModels.archive_3d_models 63:Trying to copy: ${KIPRJMOD}/Sense&ControlBoard_Libraries/packages3D/TPS563201DDCR.stp
10-28 18:14:03 com_github_MitjaNemec_Archive3DModels.archive_3d_models 150:Remapping: ${KIPRJMOD}/Sense&ControlBoard_Libraries/packages3D/TPS563201DDCR.stp
10-28 18:14:03 com_github_MitjaNemec_Archive3DModels.archive_3d_models 51:Getting 3D models for footprint of: IC8
10-28 18:14:03 com_github_MitjaNemec_Archive3DModels.archive_3d_models 63:Trying to copy: ${KIPRJMOD}/Sense&ControlBoard_Libraries/packages3D/TPS563201DDCR.stp
10-28 18:14:03 com_github_MitjaNemec_Archive3DModels.archive_3d_models 150:Remapping: ${KIPRJMOD}/Sense&ControlBoard_Libraries/packages3D/TPS563201DDCR.stp
10-28 18:14:03 com_github_MitjaNemec_Archive3DModels.archive_3d_models 51:Getting 3D models for footprint of: IC7
10-28 18:14:03 com_github_MitjaNemec_Archive3DModels.archive_3d_models 63:Trying to copy: ${KIPRJMOD}/Sense&ControlBoard_Libraries/packages3D/TPS563201DDCR.stp
10-28 18:14:03 com_github_MitjaNemec_Archive3DModels.archive_3d_models 150:Remapping: ${KIPRJMOD}/Sense&ControlBoard_Libraries/packages3D/TPS563201DDCR.stp
10-28 18:14:03 com_github_MitjaNemec_Archive3DModels.archive_3d_models 51:Getting 3D models for footprint of: IC6
10-28 18:14:03 com_github_MitjaNemec_Archive3DModels.archive_3d_models 63:Trying to copy: ${KIPRJMOD}/Sense&ControlBoard_Libraries/packages3D/VN7050AJTR.stp
10-28 18:14:03 com_github_MitjaNemec_Archive3DModels.archive_3d_models 150:Remapping: ${KIPRJMOD}/Sense&ControlBoard_Libraries/packages3D/VN7050AJTR.stp
10-28 18:14:03 com_github_MitjaNemec_Archive3DModels.archive_3d_models 51:Getting 3D models for footprint of: IC5
10-28 18:14:03 com_github_MitjaNemec_Archive3DModels.archive_3d_models 63:Trying to copy: ${KIPRJMOD}/Sense&ControlBoard_Libraries/packages3D/INA226AIDGSR.stp
10-28 18:14:03 com_github_MitjaNemec_Archive3DModels.archive_3d_models 150:Remapping: ${KIPRJMOD}/Sense&ControlBoard_Libraries/packages3D/INA226AIDGSR.stp
10-28 18:14:03 com_github_MitjaNemec_Archive3DModels.archive_3d_models 51:Getting 3D models for footprint of: IC4
10-28 18:14:03 com_github_MitjaNemec_Archive3DModels.archive_3d_models 63:Trying to copy: ${KIPRJMOD}/Sense&ControlBoard_Libraries/packages3D/INA226AIDGSR.stp
10-28 18:14:03 com_github_MitjaNemec_Archive3DModels.archive_3d_models 150:Remapping: ${KIPRJMOD}/Sense&ControlBoard_Libraries/packages3D/INA226AIDGSR.stp
10-28 18:14:03 com_github_MitjaNemec_Archive3DModels.archive_3d_models 51:Getting 3D models for footprint of: IC3
10-28 18:14:03 com_github_MitjaNemec_Archive3DModels.archive_3d_models 63:Trying to copy: ${KIPRJMOD}/Sense&ControlBoard_Libraries/packages3D/MAX31856MUD+.stp
10-28 18:14:03 com_github_MitjaNemec_Archive3DModels.archive_3d_models 150:Remapping: ${KIPRJMOD}/Sense&ControlBoard_Libraries/packages3D/MAX31856MUD+.stp
10-28 18:14:03 com_github_MitjaNemec_Archive3DModels.archive_3d_models 51:Getting 3D models for footprint of: IC2
10-28 18:14:03 com_github_MitjaNemec_Archive3DModels.archive_3d_models 63:Trying to copy: ${KIPRJMOD}/Sense&ControlBoard_Libraries/packages3D/MAX31856MUD+.stp
10-28 18:14:03 com_github_MitjaNemec_Archive3DModels.archive_3d_models 150:Remapping: ${KIPRJMOD}/Sense&ControlBoard_Libraries/packages3D/MAX31856MUD+.stp
10-28 18:14:03 com_github_MitjaNemec_Archive3DModels.archive_3d_models 51:Getting 3D models for footprint of: IC1
10-28 18:14:03 com_github_MitjaNemec_Archive3DModels.archive_3d_models 63:Trying to copy: ${KIPRJMOD}/Sense&ControlBoard_Libraries/packages3D/TPS563201DDCR.stp
10-28 18:14:03 com_github_MitjaNemec_Archive3DModels.archive_3d_models 150:Remapping: ${KIPRJMOD}/Sense&ControlBoard_Libraries/packages3D/TPS563201DDCR.stp
10-28 18:14:03 com_github_MitjaNemec_Archive3DModels.archive_3d_models 51:Getting 3D models for footprint of: D2
10-28 18:14:03 com_github_MitjaNemec_Archive3DModels.archive_3d_models 63:Trying to copy: ${KIPRJMOD}/Sense&ControlBoard_Libraries/packages3D/FLATPAK_5X6_VIS.step
10-28 18:14:03 com_github_MitjaNemec_Archive3DModels.archive_3d_models 150:Remapping: ${KIPRJMOD}/Sense&ControlBoard_Libraries/packages3D/FLATPAK_5X6_VIS.step
10-28 18:14:03 com_github_MitjaNemec_Archive3DModels.archive_3d_models 51:Getting 3D models for footprint of: D1
10-28 18:14:03 com_github_MitjaNemec_Archive3DModels.archive_3d_models 63:Trying to copy: ${KIPRJMOD}/Sense&ControlBoard_Libraries/packages3D/D_0603_1608Metric.step
10-28 18:14:03 com_github_MitjaNemec_Archive3DModels.archive_3d_models 150:Remapping: ${KIPRJMOD}/Sense&ControlBoard_Libraries/packages3D/D_0603_1608Metric.step
10-28 18:14:03 com_github_MitjaNemec_Archive3DModels.archive_3d_models 51:Getting 3D models for footprint of: C59
10-28 18:14:03 com_github_MitjaNemec_Archive3DModels.archive_3d_models 63:Trying to copy: ${KIPRJMOD}/Sense&ControlBoard_Libraries/packages3D/C_0603_1608Metric.step
10-28 18:14:03 com_github_MitjaNemec_Archive3DModels.archive_3d_models 150:Remapping: ${KIPRJMOD}/Sense&ControlBoard_Libraries/packages3D/C_0603_1608Metric.step
10-28 18:14:03 com_github_MitjaNemec_Archive3DModels.archive_3d_models 51:Getting 3D models for footprint of: C58
10-28 18:14:03 com_github_MitjaNemec_Archive3DModels.archive_3d_models 63:Trying to copy: ${KIPRJMOD}/Sense&ControlBoard_Libraries/packages3D/C_0603_1608Metric.step
10-28 18:14:03 com_github_MitjaNemec_Archive3DModels.archive_3d_models 150:Remapping: ${KIPRJMOD}/Sense&ControlBoard_Libraries/packages3D/C_0603_1608Metric.step
10-28 18:14:03 com_github_MitjaNemec_Archive3DModels.archive_3d_models 51:Getting 3D models for footprint of: C57
10-28 18:14:03 com_github_MitjaNemec_Archive3DModels.archive_3d_models 63:Trying to copy: ${KIPRJMOD}/Sense&ControlBoard_Libraries/packages3D/C_0805_2012Metric.step
10-28 18:14:03 com_github_MitjaNemec_Archive3DModels.archive_3d_models 150:Remapping: ${KIPRJMOD}/Sense&ControlBoard_Libraries/packages3D/C_0805_2012Metric.step
10-28 18:14:03 com_github_MitjaNemec_Archive3DModels.archive_3d_models 51:Getting 3D models for footprint of: C56
10-28 18:14:03 com_github_MitjaNemec_Archive3DModels.archive_3d_models 63:Trying to copy: ${KIPRJMOD}/Sense&ControlBoard_Libraries/packages3D/C_0805_2012Metric.step
10-28 18:14:03 com_github_MitjaNemec_Archive3DModels.archive_3d_models 150:Remapping: ${KIPRJMOD}/Sense&ControlBoard_Libraries/packages3D/C_0805_2012Metric.step
10-28 18:14:03 com_github_MitjaNemec_Archive3DModels.archive_3d_models 51:Getting 3D models for footprint of: C55
10-28 18:14:03 com_github_MitjaNemec_Archive3DModels.archive_3d_models 63:Trying to copy: ${KIPRJMOD}/Sense&ControlBoard_Libraries/packages3D/C_0805_2012Metric.step
10-28 18:14:03 com_github_MitjaNemec_Archive3DModels.archive_3d_models 150:Remapping: ${KIPRJMOD}/Sense&ControlBoard_Libraries/packages3D/C_0805_2012Metric.step
10-28 18:14:03 com_github_MitjaNemec_Archive3DModels.archive_3d_models 51:Getting 3D models for footprint of: C54
10-28 18:14:03 com_github_MitjaNemec_Archive3DModels.archive_3d_models 63:Trying to copy: ${KIPRJMOD}/Sense&ControlBoard_Libraries/packages3D/C_0402_1005Metric.step
10-28 18:14:03 com_github_MitjaNemec_Archive3DModels.archive_3d_models 150:Remapping: ${KIPRJMOD}/Sense&ControlBoard_Libraries/packages3D/C_0402_1005Metric.step
10-28 18:14:03 com_github_MitjaNemec_Archive3DModels.archive_3d_models 51:Getting 3D models for footprint of: C53
10-28 18:14:03 com_github_MitjaNemec_Archive3DModels.archive_3d_models 63:Trying to copy: ${KIPRJMOD}/Sense&ControlBoard_Libraries/packages3D/C_0402_1005Metric.step
10-28 18:14:03 com_github_MitjaNemec_Archive3DModels.archive_3d_models 150:Remapping: ${KIPRJMOD}/Sense&ControlBoard_Libraries/packages3D/C_0402_1005Metric.step
10-28 18:14:03 com_github_MitjaNemec_Archive3DModels.archive_3d_models 51:Getting 3D models for footprint of: C52
10-28 18:14:03 com_github_MitjaNemec_Archive3DModels.archive_3d_models 63:Trying to copy: ${KIPRJMOD}/Sense&ControlBoard_Libraries/packages3D/C_0805_2012Metric.step
10-28 18:14:03 com_github_MitjaNemec_Archive3DModels.archive_3d_models 150:Remapping: ${KIPRJMOD}/Sense&ControlBoard_Libraries/packages3D/C_0805_2012Metric.step
10-28 18:14:03 com_github_MitjaNemec_Archive3DModels.archive_3d_models 51:Getting 3D models for footprint of: C51
10-28 18:14:03 com_github_MitjaNemec_Archive3DModels.archive_3d_models 63:Trying to copy: ${KIPRJMOD}/Sense&ControlBoard_Libraries/packages3D/C_0805_2012Metric.step
10-28 18:14:03 com_github_MitjaNemec_Archive3DModels.archive_3d_models 150:Remapping: ${KIPRJMOD}/Sense&ControlBoard_Libraries/packages3D/C_0805_2012Metric.step
10-28 18:14:03 com_github_MitjaNemec_Archive3DModels.archive_3d_models 51:Getting 3D models for footprint of: C50
10-28 18:14:03 com_github_MitjaNemec_Archive3DModels.archive_3d_models 63:Trying to copy: ${KIPRJMOD}/Sense&ControlBoard_Libraries/packages3D/C_0805_2012Metric.step
10-28 18:14:03 com_github_MitjaNemec_Archive3DModels.archive_3d_models 150:Remapping: ${KIPRJMOD}/Sense&ControlBoard_Libraries/packages3D/C_0805_2012Metric.step
10-28 18:14:03 com_github_MitjaNemec_Archive3DModels.archive_3d_models 51:Getting 3D models for footprint of: C49
10-28 18:14:03 com_github_MitjaNemec_Archive3DModels.archive_3d_models 63:Trying to copy: ${KIPRJMOD}/Sense&ControlBoard_Libraries/packages3D/C_0805_2012Metric.step
10-28 18:14:03 com_github_MitjaNemec_Archive3DModels.archive_3d_models 150:Remapping: ${KIPRJMOD}/Sense&ControlBoard_Libraries/packages3D/C_0805_2012Metric.step
10-28 18:14:03 com_github_MitjaNemec_Archive3DModels.archive_3d_models 51:Getting 3D models for footprint of: C48
10-28 18:14:03 com_github_MitjaNemec_Archive3DModels.archive_3d_models 63:Trying to copy: ${KIPRJMOD}/Sense&ControlBoard_Libraries/packages3D/C_0805_2012Metric.step
10-28 18:14:03 com_github_MitjaNemec_Archive3DModels.archive_3d_models 150:Remapping: ${KIPRJMOD}/Sense&ControlBoard_Libraries/packages3D/C_0805_2012Metric.step
10-28 18:14:03 com_github_MitjaNemec_Archive3DModels.archive_3d_models 51:Getting 3D models for footprint of: C47
10-28 18:14:03 com_github_MitjaNemec_Archive3DModels.archive_3d_models 63:Trying to copy: ${KIPRJMOD}/Sense&ControlBoard_Libraries/packages3D/C_0805_2012Metric.step
10-28 18:14:03 com_github_MitjaNemec_Archive3DModels.archive_3d_models 150:Remapping: ${KIPRJMOD}/Sense&ControlBoard_Libraries/packages3D/C_0805_2012Metric.step
10-28 18:14:03 com_github_MitjaNemec_Archive3DModels.archive_3d_models 51:Getting 3D models for footprint of: C46
10-28 18:14:03 com_github_MitjaNemec_Archive3DModels.archive_3d_models 63:Trying to copy: ${KIPRJMOD}/Sense&ControlBoard_Libraries/packages3D/C_0805_2012Metric.step
10-28 18:14:03 com_github_MitjaNemec_Archive3DModels.archive_3d_models 150:Remapping: ${KIPRJMOD}/Sense&ControlBoard_Libraries/packages3D/C_0805_2012Metric.step
10-28 18:14:03 com_github_MitjaNemec_Archive3DModels.archive_3d_models 51:Getting 3D models for footprint of: C45
10-28 18:14:03 com_github_MitjaNemec_Archive3DModels.archive_3d_models 63:Trying to copy: ${KIPRJMOD}/Sense&ControlBoard_Libraries/packages3D/C_0805_2012Metric.step
10-28 18:14:03 com_github_MitjaNemec_Archive3DModels.archive_3d_models 150:Remapping: ${KIPRJMOD}/Sense&ControlBoard_Libraries/packages3D/C_0805_2012Metric.step
10-28 18:14:03 com_github_MitjaNemec_Archive3DModels.archive_3d_models 51:Getting 3D models for footprint of: C44
10-28 18:14:03 com_github_MitjaNemec_Archive3DModels.archive_3d_models 63:Trying to copy: ${KIPRJMOD}/Sense&ControlBoard_Libraries/packages3D/C_0805_2012Metric.step
10-28 18:14:03 com_github_MitjaNemec_Archive3DModels.archive_3d_models 150:Remapping: ${KIPRJMOD}/Sense&ControlBoard_Libraries/packages3D/C_0805_2012Metric.step
10-28 18:14:03 com_github_MitjaNemec_Archive3DModels.archive_3d_models 51:Getting 3D models for footprint of: C43
10-28 18:14:03 com_github_MitjaNemec_Archive3DModels.archive_3d_models 63:Trying to copy: ${KIPRJMOD}/Sense&ControlBoard_Libraries/packages3D/C_0805_2012Metric.step
10-28 18:14:03 com_github_MitjaNemec_Archive3DModels.archive_3d_models 150:Remapping: ${KIPRJMOD}/Sense&ControlBoard_Libraries/packages3D/C_0805_2012Metric.step
10-28 18:14:03 com_github_MitjaNemec_Archive3DModels.archive_3d_models 51:Getting 3D models for footprint of: C42
10-28 18:14:03 com_github_MitjaNemec_Archive3DModels.archive_3d_models 63:Trying to copy: ${KIPRJMOD}/Sense&ControlBoard_Libraries/packages3D/C_0805_2012Metric.step
10-28 18:14:03 com_github_MitjaNemec_Archive3DModels.archive_3d_models 150:Remapping: ${KIPRJMOD}/Sense&ControlBoard_Libraries/packages3D/C_0805_2012Metric.step
10-28 18:14:03 com_github_MitjaNemec_Archive3DModels.archive_3d_models 51:Getting 3D models for footprint of: C41
10-28 18:14:03 com_github_MitjaNemec_Archive3DModels.archive_3d_models 63:Trying to copy: ${KIPRJMOD}/Sense&ControlBoard_Libraries/packages3D/C_0805_2012Metric.step
10-28 18:14:03 com_github_MitjaNemec_Archive3DModels.archive_3d_models 150:Remapping: ${KIPRJMOD}/Sense&ControlBoard_Libraries/packages3D/C_0805_2012Metric.step
10-28 18:14:03 com_github_MitjaNemec_Archive3DModels.archive_3d_models 51:Getting 3D models for footprint of: C40
10-28 18:14:03 com_github_MitjaNemec_Archive3DModels.archive_3d_models 63:Trying to copy: ${KIPRJMOD}/Sense&ControlBoard_Libraries/packages3D/C_0805_2012Metric.step
10-28 18:14:03 com_github_MitjaNemec_Archive3DModels.archive_3d_models 150:Remapping: ${KIPRJMOD}/Sense&ControlBoard_Libraries/packages3D/C_0805_2012Metric.step
10-28 18:14:03 com_github_MitjaNemec_Archive3DModels.archive_3d_models 51:Getting 3D models for footprint of: C39
10-28 18:14:03 com_github_MitjaNemec_Archive3DModels.archive_3d_models 63:Trying to copy: ${KIPRJMOD}/Sense&ControlBoard_Libraries/packages3D/C_0805_2012Metric.step
10-28 18:14:03 com_github_MitjaNemec_Archive3DModels.archive_3d_models 150:Remapping: ${KIPRJMOD}/Sense&ControlBoard_Libraries/packages3D/C_0805_2012Metric.step
10-28 18:14:03 com_github_MitjaNemec_Archive3DModels.archive_3d_models 51:Getting 3D models for footprint of: C38
10-28 18:14:03 com_github_MitjaNemec_Archive3DModels.archive_3d_models 63:Trying to copy: ${KIPRJMOD}/Sense&ControlBoard_Libraries/packages3D/C_0805_2012Metric.step
10-28 18:14:03 com_github_MitjaNemec_Archive3DModels.archive_3d_models 150:Remapping: ${KIPRJMOD}/Sense&ControlBoard_Libraries/packages3D/C_0805_2012Metric.step
10-28 18:14:03 com_github_MitjaNemec_Archive3DModels.archive_3d_models 51:Getting 3D models for footprint of: C37
10-28 18:14:03 com_github_MitjaNemec_Archive3DModels.archive_3d_models 63:Trying to copy: ${KIPRJMOD}/Sense&ControlBoard_Libraries/packages3D/C_0805_2012Metric.step
10-28 18:14:03 com_github_MitjaNemec_Archive3DModels.archive_3d_models 150:Remapping: ${KIPRJMOD}/Sense&ControlBoard_Libraries/packages3D/C_0805_2012Metric.step
10-28 18:14:03 com_github_MitjaNemec_Archive3DModels.archive_3d_models 51:Getting 3D models for footprint of: C36
10-28 18:14:03 com_github_MitjaNemec_Archive3DModels.archive_3d_models 63:Trying to copy: ${KIPRJMOD}/Sense&ControlBoard_Libraries/packages3D/C_0805_2012Metric.step
10-28 18:14:03 com_github_MitjaNemec_Archive3DModels.archive_3d_models 150:Remapping: ${KIPRJMOD}/Sense&ControlBoard_Libraries/packages3D/C_0805_2012Metric.step
10-28 18:14:03 com_github_MitjaNemec_Archive3DModels.archive_3d_models 51:Getting 3D models for footprint of: C35
10-28 18:14:03 com_github_MitjaNemec_Archive3DModels.archive_3d_models 63:Trying to copy: ${KIPRJMOD}/Sense&ControlBoard_Libraries/packages3D/C_0402_1005Metric.step
10-28 18:14:03 com_github_MitjaNemec_Archive3DModels.archive_3d_models 150:Remapping: ${KIPRJMOD}/Sense&ControlBoard_Libraries/packages3D/C_0402_1005Metric.step
10-28 18:14:03 com_github_MitjaNemec_Archive3DModels.archive_3d_models 51:Getting 3D models for footprint of: C34
10-28 18:14:03 com_github_MitjaNemec_Archive3DModels.archive_3d_models 63:Trying to copy: ${KIPRJMOD}/Sense&ControlBoard_Libraries/packages3D/C_0402_1005Metric.step
10-28 18:14:03 com_github_MitjaNemec_Archive3DModels.archive_3d_models 150:Remapping: ${KIPRJMOD}/Sense&ControlBoard_Libraries/packages3D/C_0402_1005Metric.step
10-28 18:14:03 com_github_MitjaNemec_Archive3DModels.archive_3d_models 51:Getting 3D models for footprint of: C33
10-28 18:14:03 com_github_MitjaNemec_Archive3DModels.archive_3d_models 63:Trying to copy: ${KIPRJMOD}/Sense&ControlBoard_Libraries/packages3D/C_0402_1005Metric.step
10-28 18:14:03 com_github_MitjaNemec_Archive3DModels.archive_3d_models 150:Remapping: ${KIPRJMOD}/Sense&ControlBoard_Libraries/packages3D/C_0402_1005Metric.step
10-28 18:14:03 com_github_MitjaNemec_Archive3DModels.archive_3d_models 51:Getting 3D models for footprint of: C32
10-28 18:14:03 com_github_MitjaNemec_Archive3DModels.archive_3d_models 63:Trying to copy: ${KIPRJMOD}/Sense&ControlBoard_Libraries/packages3D/C_0402_1005Metric.step
10-28 18:14:03 com_github_MitjaNemec_Archive3DModels.archive_3d_models 150:Remapping: ${KIPRJMOD}/Sense&ControlBoard_Libraries/packages3D/C_0402_1005Metric.step
10-28 18:14:03 com_github_MitjaNemec_Archive3DModels.archive_3d_models 51:Getting 3D models for footprint of: C31
10-28 18:14:03 com_github_MitjaNemec_Archive3DModels.archive_3d_models 63:Trying to copy: ${KIPRJMOD}/Sense&ControlBoard_Libraries/packages3D/C_0402_1005Metric.step
10-28 18:14:03 com_github_MitjaNemec_Archive3DModels.archive_3d_models 150:Remapping: ${KIPRJMOD}/Sense&ControlBoard_Libraries/packages3D/C_0402_1005Metric.step
10-28 18:14:03 com_github_MitjaNemec_Archive3DModels.archive_3d_models 51:Getting 3D models for footprint of: C30
10-28 18:14:03 com_github_MitjaNemec_Archive3DModels.archive_3d_models 63:Trying to copy: ${KIPRJMOD}/Sense&ControlBoard_Libraries/packages3D/C_0402_1005Metric.step
10-28 18:14:03 com_github_MitjaNemec_Archive3DModels.archive_3d_models 150:Remapping: ${KIPRJMOD}/Sense&ControlBoard_Libraries/packages3D/C_0402_1005Metric.step
10-28 18:14:03 com_github_MitjaNemec_Archive3DModels.archive_3d_models 51:Getting 3D models for footprint of: C29
10-28 18:14:03 com_github_MitjaNemec_Archive3DModels.archive_3d_models 63:Trying to copy: ${KIPRJMOD}/Sense&ControlBoard_Libraries/packages3D/C_0402_1005Metric.step
10-28 18:14:03 com_github_MitjaNemec_Archive3DModels.archive_3d_models 150:Remapping: ${KIPRJMOD}/Sense&ControlBoard_Libraries/packages3D/C_0402_1005Metric.step
10-28 18:14:03 com_github_MitjaNemec_Archive3DModels.archive_3d_models 51:Getting 3D models for footprint of: C28
10-28 18:14:03 com_github_MitjaNemec_Archive3DModels.archive_3d_models 63:Trying to copy: ${KIPRJMOD}/Sense&ControlBoard_Libraries/packages3D/C_0402_1005Metric.step
10-28 18:14:03 com_github_MitjaNemec_Archive3DModels.archive_3d_models 150:Remapping: ${KIPRJMOD}/Sense&ControlBoard_Libraries/packages3D/C_0402_1005Metric.step
10-28 18:14:03 com_github_MitjaNemec_Archive3DModels.archive_3d_models 51:Getting 3D models for footprint of: C27
10-28 18:14:03 com_github_MitjaNemec_Archive3DModels.archive_3d_models 63:Trying to copy: ${KIPRJMOD}/Sense&ControlBoard_Libraries/packages3D/C_0402_1005Metric.step
10-28 18:14:03 com_github_MitjaNemec_Archive3DModels.archive_3d_models 150:Remapping: ${KIPRJMOD}/Sense&ControlBoard_Libraries/packages3D/C_0402_1005Metric.step
10-28 18:14:03 com_github_MitjaNemec_Archive3DModels.archive_3d_models 51:Getting 3D models for footprint of: C26
10-28 18:14:03 com_github_MitjaNemec_Archive3DModels.archive_3d_models 63:Trying to copy: ${KIPRJMOD}/Sense&ControlBoard_Libraries/packages3D/C_0402_1005Metric.step
10-28 18:14:03 com_github_MitjaNemec_Archive3DModels.archive_3d_models 150:Remapping: ${KIPRJMOD}/Sense&ControlBoard_Libraries/packages3D/C_0402_1005Metric.step
10-28 18:14:03 com_github_MitjaNemec_Archive3DModels.archive_3d_models 51:Getting 3D models for footprint of: C25
10-28 18:14:03 com_github_MitjaNemec_Archive3DModels.archive_3d_models 63:Trying to copy: ${KIPRJMOD}/Sense&ControlBoard_Libraries/packages3D/C_0402_1005Metric.step
10-28 18:14:03 com_github_MitjaNemec_Archive3DModels.archive_3d_models 150:Remapping: ${KIPRJMOD}/Sense&ControlBoard_Libraries/packages3D/C_0402_1005Metric.step
10-28 18:14:03 com_github_MitjaNemec_Archive3DModels.archive_3d_models 51:Getting 3D models for footprint of: C24
10-28 18:14:03 com_github_MitjaNemec_Archive3DModels.archive_3d_models 63:Trying to copy: ${KIPRJMOD}/Sense&ControlBoard_Libraries/packages3D/C_0402_1005Metric.step
10-28 18:14:03 com_github_MitjaNemec_Archive3DModels.archive_3d_models 150:Remapping: ${KIPRJMOD}/Sense&ControlBoard_Libraries/packages3D/C_0402_1005Metric.step
10-28 18:14:03 com_github_MitjaNemec_Archive3DModels.archive_3d_models 51:Getting 3D models for footprint of: C23
10-28 18:14:03 com_github_MitjaNemec_Archive3DModels.archive_3d_models 63:Trying to copy: ${KIPRJMOD}/Sense&ControlBoard_Libraries/packages3D/C_0402_1005Metric.step
10-28 18:14:03 com_github_MitjaNemec_Archive3DModels.archive_3d_models 150:Remapping: ${KIPRJMOD}/Sense&ControlBoard_Libraries/packages3D/C_0402_1005Metric.step
10-28 18:14:03 com_github_MitjaNemec_Archive3DModels.archive_3d_models 51:Getting 3D models for footprint of: C22
10-28 18:14:03 com_github_MitjaNemec_Archive3DModels.archive_3d_models 63:Trying to copy: ${KIPRJMOD}/Sense&ControlBoard_Libraries/packages3D/C_0402_1005Metric.step
10-28 18:14:03 com_github_MitjaNemec_Archive3DModels.archive_3d_models 150:Remapping: ${KIPRJMOD}/Sense&ControlBoard_Libraries/packages3D/C_0402_1005Metric.step
10-28 18:14:03 com_github_MitjaNemec_Archive3DModels.archive_3d_models 51:Getting 3D models for footprint of: C21
10-28 18:14:03 com_github_MitjaNemec_Archive3DModels.archive_3d_models 63:Trying to copy: ${KIPRJMOD}/Sense&ControlBoard_Libraries/packages3D/C_0402_1005Metric.step
10-28 18:14:03 com_github_MitjaNemec_Archive3DModels.archive_3d_models 150:Remapping: ${KIPRJMOD}/Sense&ControlBoard_Libraries/packages3D/C_0402_1005Metric.step
10-28 18:14:03 com_github_MitjaNemec_Archive3DModels.archive_3d_models 51:Getting 3D models for footprint of: C20
10-28 18:14:03 com_github_MitjaNemec_Archive3DModels.archive_3d_models 63:Trying to copy: ${KIPRJMOD}/Sense&ControlBoard_Libraries/packages3D/C_0603_1608Metric.step
10-28 18:14:03 com_github_MitjaNemec_Archive3DModels.archive_3d_models 150:Remapping: ${KIPRJMOD}/Sense&ControlBoard_Libraries/packages3D/C_0603_1608Metric.step
10-28 18:14:03 com_github_MitjaNemec_Archive3DModels.archive_3d_models 51:Getting 3D models for footprint of: C19
10-28 18:14:03 com_github_MitjaNemec_Archive3DModels.archive_3d_models 63:Trying to copy: ${KIPRJMOD}/Sense&ControlBoard_Libraries/packages3D/C_0603_1608Metric.step
10-28 18:14:03 com_github_MitjaNemec_Archive3DModels.archive_3d_models 150:Remapping: ${KIPRJMOD}/Sense&ControlBoard_Libraries/packages3D/C_0603_1608Metric.step
10-28 18:14:03 com_github_MitjaNemec_Archive3DModels.archive_3d_models 51:Getting 3D models for footprint of: C18
10-28 18:14:03 com_github_MitjaNemec_Archive3DModels.archive_3d_models 63:Trying to copy: ${KIPRJMOD}/Sense&ControlBoard_Libraries/packages3D/C_0805_2012Metric.step
10-28 18:14:03 com_github_MitjaNemec_Archive3DModels.archive_3d_models 150:Remapping: ${KIPRJMOD}/Sense&ControlBoard_Libraries/packages3D/C_0805_2012Metric.step
10-28 18:14:03 com_github_MitjaNemec_Archive3DModels.archive_3d_models 51:Getting 3D models for footprint of: C17
10-28 18:14:03 com_github_MitjaNemec_Archive3DModels.archive_3d_models 63:Trying to copy: ${KIPRJMOD}/Sense&ControlBoard_Libraries/packages3D/C_0805_2012Metric.step
10-28 18:14:03 com_github_MitjaNemec_Archive3DModels.archive_3d_models 150:Remapping: ${KIPRJMOD}/Sense&ControlBoard_Libraries/packages3D/C_0805_2012Metric.step
10-28 18:14:03 com_github_MitjaNemec_Archive3DModels.archive_3d_models 51:Getting 3D models for footprint of: C16
10-28 18:14:03 com_github_MitjaNemec_Archive3DModels.archive_3d_models 63:Trying to copy: ${KIPRJMOD}/Sense&ControlBoard_Libraries/packages3D/C_0603_1608Metric.step
10-28 18:14:03 com_github_MitjaNemec_Archive3DModels.archive_3d_models 150:Remapping: ${KIPRJMOD}/Sense&ControlBoard_Libraries/packages3D/C_0603_1608Metric.step
10-28 18:14:03 com_github_MitjaNemec_Archive3DModels.archive_3d_models 51:Getting 3D models for footprint of: C15
10-28 18:14:03 com_github_MitjaNemec_Archive3DModels.archive_3d_models 63:Trying to copy: ${KIPRJMOD}/Sense&ControlBoard_Libraries/packages3D/C_0402_1005Metric.step
10-28 18:14:03 com_github_MitjaNemec_Archive3DModels.archive_3d_models 150:Remapping: ${KIPRJMOD}/Sense&ControlBoard_Libraries/packages3D/C_0402_1005Metric.step
10-28 18:14:03 com_github_MitjaNemec_Archive3DModels.archive_3d_models 51:Getting 3D models for footprint of: C14
10-28 18:14:03 com_github_MitjaNemec_Archive3DModels.archive_3d_models 63:Trying to copy: ${KIPRJMOD}/Sense&ControlBoard_Libraries/packages3D/C_0402_1005Metric.step
10-28 18:14:03 com_github_MitjaNemec_Archive3DModels.archive_3d_models 150:Remapping: ${KIPRJMOD}/Sense&ControlBoard_Libraries/packages3D/C_0402_1005Metric.step
10-28 18:14:03 com_github_MitjaNemec_Archive3DModels.archive_3d_models 51:Getting 3D models for footprint of: C13
10-28 18:14:03 com_github_MitjaNemec_Archive3DModels.archive_3d_models 63:Trying to copy: ${KIPRJMOD}/Sense&ControlBoard_Libraries/packages3D/C_0402_1005Metric.step
10-28 18:14:03 com_github_MitjaNemec_Archive3DModels.archive_3d_models 150:Remapping: ${KIPRJMOD}/Sense&ControlBoard_Libraries/packages3D/C_0402_1005Metric.step
10-28 18:14:03 com_github_MitjaNemec_Archive3DModels.archive_3d_models 51:Getting 3D models for footprint of: C12
10-28 18:14:03 com_github_MitjaNemec_Archive3DModels.archive_3d_models 63:Trying to copy: ${KIPRJMOD}/Sense&ControlBoard_Libraries/packages3D/C_0402_1005Metric.step
10-28 18:14:03 com_github_MitjaNemec_Archive3DModels.archive_3d_models 150:Remapping: ${KIPRJMOD}/Sense&ControlBoard_Libraries/packages3D/C_0402_1005Metric.step
10-28 18:14:03 com_github_MitjaNemec_Archive3DModels.archive_3d_models 51:Getting 3D models for footprint of: C11
10-28 18:14:03 com_github_MitjaNemec_Archive3DModels.archive_3d_models 63:Trying to copy: ${KIPRJMOD}/Sense&ControlBoard_Libraries/packages3D/C_0402_1005Metric.step
10-28 18:14:03 com_github_MitjaNemec_Archive3DModels.archive_3d_models 150:Remapping: ${KIPRJMOD}/Sense&ControlBoard_Libraries/packages3D/C_0402_1005Metric.step
10-28 18:14:03 com_github_MitjaNemec_Archive3DModels.archive_3d_models 51:Getting 3D models for footprint of: C10
10-28 18:14:03 com_github_MitjaNemec_Archive3DModels.archive_3d_models 63:Trying to copy: ${KIPRJMOD}/Sense&ControlBoard_Libraries/packages3D/C_0402_1005Metric.step
10-28 18:14:03 com_github_MitjaNemec_Archive3DModels.archive_3d_models 150:Remapping: ${KIPRJMOD}/Sense&ControlBoard_Libraries/packages3D/C_0402_1005Metric.step
10-28 18:14:03 com_github_MitjaNemec_Archive3DModels.archive_3d_models 51:Getting 3D models for footprint of: C9
10-28 18:14:03 com_github_MitjaNemec_Archive3DModels.archive_3d_models 63:Trying to copy: ${KIPRJMOD}/Sense&ControlBoard_Libraries/packages3D/C_0402_1005Metric.step
10-28 18:14:03 com_github_MitjaNemec_Archive3DModels.archive_3d_models 150:Remapping: ${KIPRJMOD}/Sense&ControlBoard_Libraries/packages3D/C_0402_1005Metric.step
10-28 18:14:03 com_github_MitjaNemec_Archive3DModels.archive_3d_models 51:Getting 3D models for footprint of: C8
10-28 18:14:03 com_github_MitjaNemec_Archive3DModels.archive_3d_models 63:Trying to copy: ${KIPRJMOD}/Sense&ControlBoard_Libraries/packages3D/C_0402_1005Metric.step
10-28 18:14:03 com_github_MitjaNemec_Archive3DModels.archive_3d_models 150:Remapping: ${KIPRJMOD}/Sense&ControlBoard_Libraries/packages3D/C_0402_1005Metric.step
10-28 18:14:03 com_github_MitjaNemec_Archive3DModels.archive_3d_models 51:Getting 3D models for footprint of: C7
10-28 18:14:03 com_github_MitjaNemec_Archive3DModels.archive_3d_models 63:Trying to copy: ${KIPRJMOD}/Sense&ControlBoard_Libraries/packages3D/C_0402_1005Metric.step
10-28 18:14:03 com_github_MitjaNemec_Archive3DModels.archive_3d_models 150:Remapping: ${KIPRJMOD}/Sense&ControlBoard_Libraries/packages3D/C_0402_1005Metric.step
10-28 18:14:03 com_github_MitjaNemec_Archive3DModels.archive_3d_models 51:Getting 3D models for footprint of: C6
10-28 18:14:03 com_github_MitjaNemec_Archive3DModels.archive_3d_models 63:Trying to copy: ${KIPRJMOD}/Sense&ControlBoard_Libraries/packages3D/C_0402_1005Metric.step
10-28 18:14:03 com_github_MitjaNemec_Archive3DModels.archive_3d_models 150:Remapping: ${KIPRJMOD}/Sense&ControlBoard_Libraries/packages3D/C_0402_1005Metric.step
10-28 18:14:03 com_github_MitjaNemec_Archive3DModels.archive_3d_models 51:Getting 3D models for footprint of: C5
10-28 18:14:03 com_github_MitjaNemec_Archive3DModels.archive_3d_models 63:Trying to copy: ${KIPRJMOD}/Sense&ControlBoard_Libraries/packages3D/C_0402_1005Metric.step
10-28 18:14:03 com_github_MitjaNemec_Archive3DModels.archive_3d_models 150:Remapping: ${KIPRJMOD}/Sense&ControlBoard_Libraries/packages3D/C_0402_1005Metric.step
10-28 18:14:03 com_github_MitjaNemec_Archive3DModels.archive_3d_models 51:Getting 3D models for footprint of: C4
10-28 18:14:03 com_github_MitjaNemec_Archive3DModels.archive_3d_models 63:Trying to copy: ${KIPRJMOD}/Sense&ControlBoard_Libraries/packages3D/C_0402_1005Metric.step
10-28 18:14:03 com_github_MitjaNemec_Archive3DModels.archive_3d_models 150:Remapping: ${KIPRJMOD}/Sense&ControlBoard_Libraries/packages3D/C_0402_1005Metric.step
10-28 18:14:03 com_github_MitjaNemec_Archive3DModels.archive_3d_models 51:Getting 3D models for footprint of: C3
10-28 18:14:03 com_github_MitjaNemec_Archive3DModels.archive_3d_models 63:Trying to copy: ${KIPRJMOD}/Sense&ControlBoard_Libraries/packages3D/C_0402_1005Metric.step
10-28 18:14:03 com_github_MitjaNemec_Archive3DModels.archive_3d_models 150:Remapping: ${KIPRJMOD}/Sense&ControlBoard_Libraries/packages3D/C_0402_1005Metric.step
10-28 18:14:03 com_github_MitjaNemec_Archive3DModels.archive_3d_models 51:Getting 3D models for footprint of: C2
10-28 18:14:03 com_github_MitjaNemec_Archive3DModels.archive_3d_models 63:Trying to copy: ${KIPRJMOD}/Sense&ControlBoard_Libraries/packages3D/C_0402_1005Metric.step
10-28 18:14:03 com_github_MitjaNemec_Archive3DModels.archive_3d_models 150:Remapping: ${KIPRJMOD}/Sense&ControlBoard_Libraries/packages3D/C_0402_1005Metric.step
10-28 18:14:03 com_github_MitjaNemec_Archive3DModels.archive_3d_models 51:Getting 3D models for footprint of: C1
10-28 18:14:03 com_github_MitjaNemec_Archive3DModels.archive_3d_models 63:Trying to copy: ${KIPRJMOD}/Sense&ControlBoard_Libraries/packages3D/C_0402_1005Metric.step
10-28 18:14:03 com_github_MitjaNemec_Archive3DModels.archive_3d_models 150:Remapping: ${KIPRJMOD}/Sense&ControlBoard_Libraries/packages3D/C_0402_1005Metric.step
10-28 18:14:03 com_github_MitjaNemec_Archive3DModels.archive_3d_models 51:Getting 3D models for footprint of: G***
10-28 18:14:03 com_github_MitjaNemec_Archive3DModels.archive_3d_models 51:Getting 3D models for footprint of: G***
